[?1049h[?1000h[?1003h[?1015h[?1006h[?25l[?1004h[>1u[?2048$p[?2004h[?7l[?1000h[?1003h[?1015h[?1006h[1;1H[100m [0m[97;100m⭘[0m[97;100m     [0m[100m [0m[97;100m                         [0m[97;100mCyberRedApp[0m[97;100m                          [0m[100m [0m[37;100m04:13:59[0m[100m [0m
[2;1H[32;40m┌[0m[32;40m──────────────[0m[32;40m┐[0m[32;40m┌[0m[32;40m──────────────────────────────────────[0m[32;40m┐[0m[32;40m┌[0m[32;40m──────────────────────[0m[32;40m┐[0m
[3;1H[32;40m│[0m[101m   [0m[1;30;101mTARGETS[0m[101m    [0m[32;40m│[0m[32;40m│[0m[101m             [0m[1;30;101mHIVE STATUS[0m[101m              [0m[32;40m│[0m[32;40m│[0m[101m      [0m[1;30;101mKILL CHAIN[0m[101m      [0m[32;40m│[0m
[4;1H[32;40m│[0m[97;40m▶ [0m[1;97;46mScope[0m[97;40m       [0m[32;40m│[0m[32;40m│[0m[40m                                      [0m[32;40m│[0m[32;40m│[0m[97;40m                    [0m[97;40m  [0m[32;40m│[0m
[5;1H[32;40m│[0m[97;40m              [0m[32;40m│[0m[32;40m│[0m[40m [0m[40m                                    [0m[40m [0m[32;40m│[0m[32;40m│[0m[97;40m                    [0m[97;40m  [0m[32;40m│[0m
[6;1H[32;40m│[0m[97;40m              [0m[32;40m│[0m[32;40m│[0m[40m [0m[97;40m┌[0m[97;40m┐[0m[40m [0m[97;40m┌[0m[97;40m─[0m[97;40m┐[0m[40m [0m[97;40m┌[0m[97;40m─[0m[97;40m┐[0m[40m [0m[97;40m┌[0m[97;40m┐[0m[40m [0m[97;40m┌[0m[97;40m─[0m[97;40m┐[0m[40m [0m[97;40m┌[0m[97;40m─[0m[97;40m┐[0m[40m [0m[97;40m┌[0m[97;40m┐[0m[40m [0m[97;40m┌[0m[97;40m─[0m[97;40m┐[0m[40m [0m[97;40m┌[0m[97;40m─[0m[97;40m┐[0m[40m [0m[97;40m┌[0m[97;40m─[0m[97;40m┐[0m[40m [0m[32;40m│[0m[32;40m│[0m[97;40m                    [0m[97;40m  [0m[32;40m│[0m
[7;1H[32;40m│[0m[97;40m              [0m[32;40m│[0m[32;40m│[0m[40m [0m[40m                                    [0m[40m [0m[32;40m│[0m[32;40m│[0m[97;40m                    [0m[97;40m  [0m[32;40m│[0m
[8;1H[32;40m│[0m[97;40m              [0m[32;40m│[0m[32;40m│[0m[40m [0m[97;40m┌[0m[97;40m┐[0m[40m [0m[97;40m┌[0m[97;40m─[0m[97;40m┐[0m[40m [0m[97;40m┌[0m[97;40m─[0m[97;40m┐[0m[40m [0m[97;40m┌[0m[97;40m┐[0m[40m [0m[97;40m┌[0m[97;40m─[0m[97;40m┐[0m[40m [0m[97;40m┌[0m[97;40m─[0m[97;40m┐[0m[40m [0m[97;40m┌[0m[97;40m┐[0m[40m [0m[97;40m┌[0m[97;40m─[0m[97;40m┐[0m[40m [0m[97;40m┌[0m[97;40m─[0m[97;40m┐[0m[40m [0m[97;40m┌[0m[97;40m─[0m[97;40m┐[0m[40m [0m[32;40m│[0m[32;40m│[0m[97;40m                    [0m[97;40m  [0m[32;40m│[0m
[9;1H[32;40m│[0m[97;40m              [0m[32;40m│[0m[32;40m│[0m[40m [0m[40m                                    [0m[40m [0m[32;40m│[0m[32;40m│[0m[97;40m                    [0m[97;40m  [0m[32;40m│[0m
[10;1H[32;40m│[0m[97;40m              [0m[32;40m│[0m[32;40m│[0m[40m [0m[97;40m┌[0m[97;40m┐[0m[40m [0m[97;40m┌[0m[97;40m─[0m[97;40m┐[0m[40m [0m[97;40m┌[0m[97;40m─[0m[97;40m┐[0m[40m [0m[97;40m┌[0m[97;40m┐[0m[40m [0m[97;40m┌[0m[97;40m─[0m[97;40m┐[0m[40m [0m[97;40m┌[0m[97;40m─[0m[97;40m┐[0m[40m [0m[97;40m┌[0m[97;40m┐[0m[40m [0m[97;40m┌[0m[97;40m─[0m[97;40m┐[0m[40m [0m[97;40m┌[0m[97;40m─[0m[97;40m┐[0m[40m [0m[97;40m┌[0m[97;40m─[0m[97;40m┐[0m[40m [0m[32;40m│[0m[32;40m│[0m[97;40m                    [0m[97;40m  [0m[32;40m│[0m
[11;1H[32;40m│[0m[97;40m              [0m[32;40m│[0m[32;40m│[0m[40m [0m[40m                                    [0m[40m [0m[32;40m│[0m[32;40m│[0m[97;40m                    [0m[97;40m  [0m[32;40m│[0m
[12;1H[32;40m│[0m[97;40m              [0m[32;40m│[0m[32;40m│[0m[40m [0m[97;40m┌[0m[97;40m┐[0m[40m [0m[97;40m┌[0m[97;40m─[0m[97;40m┐[0m[40m [0m[97;40m┌[0m[97;40m─[0m[97;40m┐[0m[40m [0m[97;40m┌[0m[97;40m┐[0m[40m [0m[97;40m┌[0m[97;40m─[0m[97;40m┐[0m[40m [0m[97;40m┌[0m[97;40m─[0m[97;40m┐[0m[40m [0m[97;40m┌[0m[97;40m┐[0m[40m [0m[97;40m┌[0m[97;40m─[0m[97;40m┐[0m[40m [0m[97;40m┌[0m[97;40m─[0m[97;40m┐[0m[40m [0m[97;40m┌[0m[97;40m─[0m[97;40m┐[0m[40m [0m[32;40m│[0m[32;40m│[0m[97;40m                    [0m[97;40m  [0m[32;40m│[0m
[13;1H[32;40m│[0m[97;40m              [0m[32;40m│[0m[32;40m│[0m[40m [0m[40m                                    [0m[40m [0m[32;40m│[0m[32;40m│[0m[97;40m                    [0m[97;40m  [0m[32;40m│[0m
[14;1H[32;40m│[0m[97;40m              [0m[32;40m│[0m[32;40m│[0m[40m [0m[40m                                    [0m[40m [0m[32;40m│[0m[32;40m│[0m[97;40m                    [0m[97;40m  [0m[32;40m│[0m
[15;1H[32;40m│[0m[97;40m              [0m[32;40m│[0m[32;40m│[0m[40m [0m[97;40m┌[0m[97;40m┐[0m[40m [0m[97;40m┌[0m[97;40m─[0m[97;40m┐[0m[40m [0m[97;40m┌[0m[97;40m─[0m[97;40m┐[0m[40m [0m[97;40m┌[0m[97;40m┐[0m[40m [0m[97;40m┌[0m[97;40m─[0m[97;40m┐[0m[40m [0m[97;40m┌[0m[97;40m─[0m[97;40m┐[0m[40m [0m[97;40m┌[0m[97;40m┐[0m[40m [0m[97;40m┌[0m[97;40m─[0m[97;40m┐[0m[40m [0m[97;40m┌[0m[97;40m─[0m[97;40m┐[0m[40m [0m[97;40m┌[0m[97;40m─[0m[97;40m┐[0m[40m [0m[32;40m│[0m[32;40m│[0m[97;40m                    [0m[97;40m  [0m[32;40m│[0m
[16;1H[32;40m│[0m[97;40m              [0m[32;40m│[0m[32;40m│[0m[40m [0m[40m                                    [0m[40m [0m[32;40m│[0m[32;40m│[0m[97;40m                    [0m[97;40m  [0m[32;40m│[0m
[17;1H[32;40m│[0m[97;40m              [0m[32;40m│[0m[32;40m│[0m[40m [0m[97;40m┌[0m[97;40m┐[0m[40m [0m[97;40m┌[0m[97;40m─[0m[97;40m┐[0m[40m [0m[97;40m┌[0m[97;40m─[0m[97;40m┐[0m[40m [0m[97;40m┌[0m[97;40m┐[0m[40m [0m[97;40m┌[0m[97;40m─[0m[97;40m┐[0m[40m [0m[97;40m┌[0m[97;40m─[0m[97;40m┐[0m[40m [0m[97;40m┌[0m[97;40m┐[0m[40m [0m[97;40m┌[0m[97;40m─[0m[97;40m┐[0m[40m [0m[97;40m┌[0m[97;40m─[0m[97;40m┐[0m[40m [0m[97;40m┌[0m[97;40m─[0m[97;40m┐[0m[40m [0m[32;40m│[0m[32;40m│[0m[97;40m                    [0m[97;40m  [0m[32;40m│[0m
[18;1H[32;40m│[0m[97;40m              [0m[32;40m│[0m[32;40m│[0m[40m [0m[40m                                    [0m[40m [0m[32;40m│[0m[32;40m│[0m[97;40m                    [0m[97;40m  [0m[32;40m│[0m
[19;1H[32;40m│[0m[97;40m              [0m[32;40m│[0m[32;40m│[0m[40m [0m[97;40m┌[0m[97;40m┐[0m[40m [0m[97;40m┌[0m[97;40m─[0m[97;40m┐[0m[40m [0m[97;40m┌[0m[97;40m─[0m[97;40m┐[0m[40m [0m[97;40m┌[0m[97;40m┐[0m[40m [0m[97;40m┌[0m[97;40m─[0m[97;40m┐[0m[40m [0m[97;40m┌[0m[97;40m─[0m[97;40m┐[0m[40m [0m[97;40m┌[0m[97;40m┐[0m[40m [0m[97;40m┌[0m[97;40m─[0m[97;40m┐[0m[40m [0m[97;40m┌[0m[97;40m─[0m[97;40m┐[0m[40m [0m[97;40m┌[0m[97;40m─[0m[97;40m┐[0m[40m [0m[32;40m│[0m[32;40m│[0m[97;40m                    [0m[97;40m  [0m[32;40m│[0m
[20;1H[32;40m│[0m[97;40m              [0m[32;40m│[0m[32;40m│[0m[40m [0m[40m                                    [0m[40m [0m[32;40m│[0m[32;40m│[0m[97;40m                    [0m[97;40m  [0m[32;40m│[0m
[21;1H[32;40m│[0m[97;40m              [0m[32;40m│[0m[32;40m│[0m[40m [0m[97;40m┌[0m[97;40m┐[0m[40m [0m[97;40m┌[0m[97;40m─[0m[97;40m┐[0m[40m [0m[97;40m┌[0m[97;40m─[0m[97;40m┐[0m[40m [0m[97;40m┌[0m[97;40m┐[0m[40m [0m[97;40m┌[0m[97;40m─[0m[97;40m┐[0m[40m [0m[97;40m┌[0m[97;40m─[0m[97;40m┐[0m[40m [0m[97;40m┌[0m[97;40m┐[0m[40m [0m[97;40m┌[0m[97;40m─[0m[97;40m┐[0m[40m [0m[97;40m┌[0m[97;40m─[0m[97;40m┐[0m[40m [0m[97;40m┌[0m[97;40m─[0m[97;40m┐[0m[40m [0m[32;40m│[0m[32;40m│[0m[97;40m                    [0m[97;40m  [0m[32;40m│[0m
[22;1H[32;40m│[0m[97;40m              [0m[32;40m│[0m[32;40m│[0m[40m                                      [0m[32;40m│[0m[32;40m│[0m[97;40m [0m[97;40m [0m[97;40m [0m[97;40m [0m[97;40m [0m[97;40m [0m[97;40m [0m[97;40m [0m[97;40m [0m[97;40m [0m[97;40m [0m[97;40m [0m[97;40m [0m[97;40m [0m[97;40m [0m[97;40m [0m[97;40m [0m[97;40m [0m[97;40m [0m[97;40m [0m[40m  [0m[32;40m│[0m
[23;1H[32;40m└[0m[32;40m──────────────[0m[32;40m┘[0m[32;40m└[0m[32;40m──────────────────────────────────────[0m[32;40m┘[0m[32;40m└[0m[32;40m──────────────────────[0m[32;40m┘[0m
[24;1H[100m                                                                                [0m[1;1H[1;1H[100m [0m[97;100m⭘[0m[97;100m     [0m[100m [0m[1;9H[97;100m                         [0m[97;100mCyberRedApp[0m[97;100m                          [0m[1;71H[100m [0m[37;100m04:13:59[0m[100m [0m
[2;1H[32;40m┌[0m[32;40m──────────────[0m[32;40m┐[0m[2;17H[32;40m┌[0m[32;40m──────────────────────────────────────[0m[32;40m┐[0m[2;57H[32;40m┌[0m[32;40m──────────────────────[0m[32;40m┐[0m
[3;1H[32;40m│[0m[3;2H[101m   [0m[1;30;101mTARGETS[0m[101m    [0m[3;16H[32;40m│[0m[3;17H[32;40m│[0m[3;18H[101m             [0m[1;30;101mHIVE STATUS[0m[101m              [0m[3;56H[32;40m│[0m[3;57H[32;40m│[0m[3;58H[101m      [0m[1;30;101mKILL CHAIN[0m[101m      [0m[3;80H[32;40m│[0m
[4;1H[32;40m│[0m[4;2H[97;40m▶ [0m[1;97;46mScope[0m[97;40m       [0m[4;16H[32;40m│[0m[4;17H[32;40m│[0m[4;18H[40m                                      [0m[4;56H[32;40m│[0m[4;57H[32;40m│[0m[4;58H[97;40m                    [0m[4;78H[97;40m  [0m[4;80H[32;40m│[0m
[5;1H[32;40m│[0m[5;2H[97;40m              [0m[5;16H[32;40m│[0m[5;17H[32;40m│[0m[5;18H[40m [0m[40m                                    [0m[40m [0m[5;56H[32;40m│[0m[5;57H[32;40m│[0m[5;58H[97;40m                    [0m[5;78H[97;40m  [0m[5;80H[32;40m│[0m
[6;1H[32;40m│[0m[6;2H[97;40m              [0m[6;16H[32;40m│[0m[6;17H[32;40m│[0m[6;18H[40m [0m[6;19H[97;40m┌[0m[97;40m┐[0m[6;21H[40m [0m[6;22H[97;40m┌[0m[97;40m─[0m[97;40m┐[0m[6;25H[40m [0m[6;26H[97;40m┌[0m[97;40m─[0m[97;40m┐[0m[6;29H[40m [0m[6;30H[97;40m┌[0m[97;40m┐[0m[6;32H[40m [0m[6;33H[97;40m┌[0m[97;40m─[0m[97;40m┐[0m[6;36H[40m [0m[6;37H[97;40m┌[0m[97;40m─[0m[97;40m┐[0m[6;40H[40m [0m[6;41H[97;40m┌[0m[97;40m┐[0m[6;43H[40m [0m[6;44H[97;40m┌[0m[97;40m─[0m[97;40m┐[0m[6;47H[40m [0m[6;48H[97;40m┌[0m[97;40m─[0m[97;40m┐[0m[6;51H[40m [0m[6;52H[97;40m┌[0m[97;40m─[0m[97;40m┐[0m[6;55H[40m [0m[6;56H[32;40m│[0m[6;57H[32;40m│[0m[6;58H[97;40m                    [0m[6;78H[97;40m  [0m[6;80H[32;40m│[0m
[7;1H[32;40m│[0m[7;2H[97;40m              [0m[7;16H[32;40m│[0m[7;17H[32;40m│[0m[7;18H[40m [0m[40m                                    [0m[40m [0m[7;56H[32;40m│[0m[7;57H[32;40m│[0m[7;58H[97;40m                    [0m[7;78H[97;40m  [0m[7;80H[32;40m│[0m
[8;1H[32;40m│[0m[8;2H[97;40m              [0m[8;16H[32;40m│[0m[8;17H[32;40m│[0m[8;18H[40m [0m[8;19H[97;40m┌[0m[97;40m┐[0m[8;21H[40m [0m[8;22H[97;40m┌[0m[97;40m─[0m[97;40m┐[0m[8;25H[40m [0m[8;26H[97;40m┌[0m[97;40m─[0m[97;40m┐[0m[8;29H[40m [0m[8;30H[97;40m┌[0m[97;40m┐[0m[8;32H[40m [0m[8;33H[97;40m┌[0m[97;40m─[0m[97;40m┐[0m[8;36H[40m [0m[8;37H[97;40m┌[0m[97;40m─[0m[97;40m┐[0m[8;40H[40m [0m[8;41H[97;40m┌[0m[97;40m┐[0m[8;43H[40m [0m[8;44H[97;40m┌[0m[97;40m─[0m[97;40m┐[0m[8;47H[40m [0m[8;48H[97;40m┌[0m[97;40m─[0m[97;40m┐[0m[8;51H[40m [0m[8;52H[97;40m┌[0m[97;40m─[0m[97;40m┐[0m[8;55H[40m [0m[8;56H[32;40m│[0m[8;57H[32;40m│[0m[8;58H[97;40m                    [0m[8;78H[97;40m  [0m[8;80H[32;40m│[0m
[9;1H[32;40m│[0m[9;2H[97;40m              [0m[9;16H[32;40m│[0m[9;17H[32;40m│[0m[9;18H[40m [0m[40m                                    [0m[40m [0m[9;56H[32;40m│[0m[9;57H[32;40m│[0m[9;58H[97;40m                    [0m[9;78H[97;40m  [0m[9;80H[32;40m│[0m
[10;1H[32;40m│[0m[10;2H[97;40m              [0m[10;16H[32;40m│[0m[10;17H[32;40m│[0m[10;18H[40m [0m[10;19H[97;40m┌[0m[97;40m┐[0m[10;21H[40m [0m[10;22H[97;40m┌[0m[97;40m─[0m[97;40m┐[0m[10;25H[40m [0m[10;26H[97;40m┌[0m[97;40m─[0m[97;40m┐[0m[10;29H[40m [0m[10;30H[97;40m┌[0m[97;40m┐[0m[10;32H[40m [0m[10;33H[97;40m┌[0m[97;40m─[0m[97;40m┐[0m[10;36H[40m [0m[10;37H[97;40m┌[0m[97;40m─[0m[97;40m┐[0m[10;40H[40m [0m[10;41H[97;40m┌[0m[97;40m┐[0m[10;43H[40m [0m[10;44H[97;40m┌[0m[97;40m─[0m[97;40m┐[0m[10;47H[40m [0m[10;48H[97;40m┌[0m[97;40m─[0m[97;40m┐[0m[10;51H[40m [0m[10;52H[97;40m┌[0m[97;40m─[0m[97;40m┐[0m[10;55H[40m [0m[10;56H[32;40m│[0m[10;57H[32;40m│[0m[10;58H[97;40m                    [0m[10;78H[97;40m  [0m[10;80H[32;40m│[0m
[11;1H[32;40m│[0m[11;2H[97;40m              [0m[11;16H[32;40m│[0m[11;17H[32;40m│[0m[11;18H[40m [0m[40m                                    [0m[40m [0m[11;56H[32;40m│[0m[11;57H[32;40m│[0m[11;58H[97;40m                    [0m[11;78H[97;40m  [0m[11;80H[32;40m│[0m
[12;1H[32;40m│[0m[12;2H[97;40m              [0m[12;16H[32;40m│[0m[12;17H[32;40m│[0m[12;18H[40m [0m[12;19H[97;40m┌[0m[97;40m┐[0m[12;21H[40m [0m[12;22H[97;40m┌[0m[97;40m─[0m[97;40m┐[0m[12;25H[40m [0m[12;26H[97;40m┌[0m[97;40m─[0m[97;40m┐[0m[12;29H[40m [0m[12;30H[97;40m┌[0m[97;40m┐[0m[12;32H[40m [0m[12;33H[97;40m┌[0m[97;40m─[0m[97;40m┐[0m[12;36H[40m [0m[12;37H[97;40m┌[0m[97;40m─[0m[97;40m┐[0m[12;40H[40m [0m[12;41H[97;40m┌[0m[97;40m┐[0m[12;43H[40m [0m[12;44H[97;40m┌[0m[97;40m─[0m[97;40m┐[0m[12;47H[40m [0m[12;48H[97;40m┌[0m[97;40m─[0m[97;40m┐[0m[12;51H[40m [0m[12;52H[97;40m┌[0m[97;40m─[0m[97;40m┐[0m[12;55H[40m [0m[12;56H[32;40m│[0m[12;57H[32;40m│[0m[12;58H[97;40m                    [0m[12;78H[97;40m  [0m[12;80H[32;40m│[0m
[13;1H[32;40m│[0m[13;2H[97;40m              [0m[13;16H[32;40m│[0m[13;17H[32;40m│[0m[13;18H[40m [0m[40m                                    [0m[40m [0m[13;56H[32;40m│[0m[13;57H[32;40m│[0m[13;58H[97;40m                    [0m[13;78H[97;40m  [0m[13;80H[32;40m│[0m
[14;1H[32;40m│[0m[14;2H[97;40m              [0m[14;16H[32;40m│[0m[14;17H[32;40m│[0m[14;18H[40m [0m[40m                                    [0m[40m [0m[14;56H[32;40m│[0m[14;57H[32;40m│[0m[14;58H[97;40m                    [0m[14;78H[97;40m  [0m[14;80H[32;40m│[0m
[15;1H[32;40m│[0m[15;2H[97;40m              [0m[15;16H[32;40m│[0m[15;17H[32;40m│[0m[15;18H[40m [0m[15;19H[97;40m┌[0m[97;40m┐[0m[15;21H[40m [0m[15;22H[97;40m┌[0m[97;40m─[0m[97;40m┐[0m[15;25H[40m [0m[15;26H[97;40m┌[0m[97;40m─[0m[97;40m┐[0m[15;29H[40m [0m[15;30H[97;40m┌[0m[97;40m┐[0m[15;32H[40m [0m[15;33H[97;40m┌[0m[97;40m─[0m[97;40m┐[0m[15;36H[40m [0m[15;37H[97;40m┌[0m[97;40m─[0m[97;40m┐[0m[15;40H[40m [0m[15;41H[97;40m┌[0m[97;40m┐[0m[15;43H[40m [0m[15;44H[97;40m┌[0m[97;40m─[0m[97;40m┐[0m[15;47H[40m [0m[15;48H[97;40m┌[0m[97;40m─[0m[97;40m┐[0m[15;51H[40m [0m[15;52H[97;40m┌[0m[97;40m─[0m[97;40m┐[0m[15;55H[40m [0m[15;56H[32;40m│[0m[15;57H[32;40m│[0m[15;58H[97;40m                    [0m[15;78H[97;40m  [0m[15;80H[32;40m│[0m
[16;1H[32;40m│[0m[16;2H[97;40m              [0m[16;16H[32;40m│[0m[16;17H[32;40m│[0m[16;18H[40m [0m[40m                                    [0m[40m [0m[16;56H[32;40m│[0m[16;57H[32;40m│[0m[16;58H[97;40m                    [0m[16;78H[97;40m  [0m[16;80H[32;40m│[0m
[17;1H[32;40m│[0m[17;2H[97;40m              [0m[17;16H[32;40m│[0m[17;17H[32;40m│[0m[17;18H[40m [0m[17;19H[97;40m┌[0m[97;40m┐[0m[17;21H[40m [0m[17;22H[97;40m┌[0m[97;40m─[0m[97;40m┐[0m[17;25H[40m [0m[17;26H[97;40m┌[0m[97;40m─[0m[97;40m┐[0m[17;29H[40m [0m[17;30H[97;40m┌[0m[97;40m┐[0m[17;32H[40m [0m[17;33H[97;40m┌[0m[97;40m─[0m[97;40m┐[0m[17;36H[40m [0m[17;37H[97;40m┌[0m[97;40m─[0m[97;40m┐[0m[17;40H[40m [0m[17;41H[97;40m┌[0m[97;40m┐[0m[17;43H[40m [0m[17;44H[97;40m┌[0m[97;40m─[0m[97;40m┐[0m[17;47H[40m [0m[17;48H[97;40m┌[0m[97;40m─[0m[97;40m┐[0m[17;51H[40m [0m[17;52H[97;40m┌[0m[97;40m─[0m[97;40m┐[0m[17;55H[40m [0m[17;56H[32;40m│[0m[17;57H[32;40m│[0m[17;58H[97;40m                    [0m[17;78H[97;40m  [0m[17;80H[32;40m│[0m
[18;1H[32;40m│[0m[18;2H[97;40m              [0m[18;16H[32;40m│[0m[18;17H[32;40m│[0m[18;18H[40m [0m[40m                                    [0m[40m [0m[18;56H[32;40m│[0m[18;57H[32;40m│[0m[18;58H[97;40m                    [0m[18;78H[97;40m  [0m[18;80H[32;40m│[0m
[19;1H[32;40m│[0m[19;2H[97;40m              [0m[19;16H[32;40m│[0m[19;17H[32;40m│[0m[19;18H[40m [0m[19;19H[97;40m┌[0m[97;40m┐[0m[19;21H[40m [0m[19;22H[97;40m┌[0m[97;40m─[0m[97;40m┐[0m[19;25H[40m [0m[19;26H[97;40m┌[0m[97;40m─[0m[97;40m┐[0m[19;29H[40m [0m[19;30H[97;40m┌[0m[97;40m┐[0m[19;32H[40m [0m[19;33H[97;40m┌[0m[97;40m─[0m[97;40m┐[0m[19;36H[40m [0m[19;37H[97;40m┌[0m[97;40m─[0m[97;40m┐[0m[19;40H[40m [0m[19;41H[97;40m┌[0m[97;40m┐[0m[19;43H[40m [0m[19;44H[97;40m┌[0m[97;40m─[0m[97;40m┐[0m[19;47H[40m [0m[19;48H[97;40m┌[0m[97;40m─[0m[97;40m┐[0m[19;51H[40m [0m[19;52H[97;40m┌[0m[97;40m─[0m[97;40m┐[0m[19;55H[40m [0m[19;56H[32;40m│[0m[19;57H[32;40m│[0m[19;58H[97;40m                    [0m[19;78H[97;40m  [0m[19;80H[32;40m│[0m
[20;1H[32;40m│[0m[20;2H[97;40m              [0m[20;16H[32;40m│[0m[20;17H[32;40m│[0m[20;18H[40m [0m[40m                                    [0m[40m [0m[20;56H[32;40m│[0m[20;57H[32;40m│[0m[20;58H[97;40m                    [0m[20;78H[97;40m  [0m[20;80H[32;40m│[0m
[21;1H[32;40m│[0m[21;2H[97;40m              [0m[21;16H[32;40m│[0m[21;17H[32;40m│[0m[21;18H[40m [0m[21;19H[97;40m┌[0m[97;40m┐[0m[21;21H[40m [0m[21;22H[97;40m┌[0m[97;40m─[0m[97;40m┐[0m[21;25H[40m [0m[21;26H[97;40m┌[0m[97;40m─[0m[97;40m┐[0m[21;29H[40m [0m[21;30H[97;40m┌[0m[97;40m┐[0m[21;32H[40m [0m[21;33H[97;40m┌[0m[97;40m─[0m[97;40m┐[0m[21;36H[40m [0m[21;37H[97;40m┌[0m[97;40m─[0m[97;40m┐[0m[21;40H[40m [0m[21;41H[97;40m┌[0m[97;40m┐[0m[21;43H[40m [0m[21;44H[97;40m┌[0m[97;40m─[0m[97;40m┐[0m[21;47H[40m [0m[21;48H[97;40m┌[0m[97;40m─[0m[97;40m┐[0m[21;51H[40m [0m[21;52H[97;40m┌[0m[97;40m─[0m[97;40m┐[0m[21;55H[40m [0m[21;56H[32;40m│[0m[21;57H[32;40m│[0m[21;58H[97;40m                    [0m[21;78H[97;40m  [0m[21;80H[32;40m│[0m
[22;1H[32;40m│[0m[22;2H[97;40m              [0m[22;16H[32;40m│[0m[22;17H[32;40m│[0m[22;18H[40m                                      [0m[22;56H[32;40m│[0m[22;57H[32;40m│[0m[22;58H[97;40m [0m[97;40m [0m[97;40m [0m[97;40m [0m[97;40m [0m[97;40m [0m[97;40m [0m[97;40m [0m[97;40m [0m[97;40m [0m[97;40m [0m[97;40m [0m[97;40m [0m[97;40m [0m[97;40m [0m[97;40m [0m[97;40m [0m[97;40m [0m[97;40m [0m[97;40m [0m[22;78H[40m  [0m[22;80H[32;40m│[0m
[23;1H[32;40m└[0m[32;40m──────────────[0m[32;40m┘[0m[23;17H[32;40m└[0m[32;40m──────────────────────────────────────[0m[32;40m┘[0m[23;57H[32;40m└[0m[32;40m──────────────────────[0m[32;40m┘[0m[1;1H[3;2H[101m   [0m[1;30;101mTARGETS[0m[101m    [0m[3;16H
[3;18H[101m             [0m[1;30;101mHIVE STATUS[0m[101m              [0m[3;56H
[3;58H[101m      [0m[1;30;101mKILL CHAIN[0m[101m      [0m[3;80H
[4;2H[97;40m▶ [0m[1;97;46mScope[0m[97;40m       [0m[4;16H
[4;78H[97;40m  [0m[4;80H
[5;2H[97;40m              [0m[5;16H
[5;78H[97;40m  [0m[5;80H
[6;2H[97;40m              [0m[6;16H
[6;19H[97;40m┌[0m[97;40m┐[0m[6;21H
[6;22H[97;40m┌[0m[97;40m─[0m[97;40m┐[0m[6;25H
[6;26H[97;40m┌[0m[97;40m─[0m[97;40m┐[0m[6;29H
[6;30H[97;40m┌[0m[97;40m┐[0m[6;32H
[6;33H[97;40m┌[0m[97;40m─[0m[97;40m┐[0m[6;36H
[6;37H[97;40m┌[0m[97;40m─[0m[97;40m┐[0m[6;40H
[6;41H[97;40m┌[0m[97;40m┐[0m[6;43H
[6;44H[97;40m┌[0m[97;40m─[0m[97;40m┐[0m[6;47H
[6;48H[97;40m┌[0m[97;40m─[0m[97;40m┐[0m[6;51H
[6;52H[97;40m┌[0m[97;40m─[0m[97;40m┐[0m[6;55H
[6;78H[97;40m  [0m[6;80H
[7;2H[97;40m              [0m[7;16H
[7;78H[97;40m  [0m[7;80H
[8;2H[97;40m              [0m[8;16H
[8;19H[97;40m┌[0m[97;40m┐[0m[8;21H
[8;22H[97;40m┌[0m[97;40m─[0m[97;40m┐[0m[8;25H
[8;26H[97;40m┌[0m[97;40m─[0m[97;40m┐[0m[8;29H
[8;30H[97;40m┌[0m[97;40m┐[0m[8;32H
[8;33H[97;40m┌[0m[97;40m─[0m[97;40m┐[0m[8;36H
[8;37H[97;40m┌[0m[97;40m─[0m[97;40m┐[0m[8;40H
[8;41H[97;40m┌[0m[97;40m┐[0m[8;43H
[8;44H[97;40m┌[0m[97;40m─[0m[97;40m┐[0m[8;47H
[8;48H[97;40m┌[0m[97;40m─[0m[97;40m┐[0m[8;51H
[8;52H[97;40m┌[0m[97;40m─[0m[97;40m┐[0m[8;55H
[8;78H[97;40m  [0m[8;80H
[9;2H[97;40m              [0m[9;16H
[9;78H[97;40m  [0m[9;80H
[10;2H[97;40m              [0m[10;16H
[10;19H[97;40m┌[0m[97;40m┐[0m[10;21H
[10;22H[97;40m┌[0m[97;40m─[0m[97;40m┐[0m[10;25H
[10;26H[97;40m┌[0m[97;40m─[0m[97;40m┐[0m[10;29H
[10;30H[97;40m┌[0m[97;40m┐[0m[10;32H
[10;33H[97;40m┌[0m[97;40m─[0m[97;40m┐[0m[10;36H
[10;37H[97;40m┌[0m[97;40m─[0m[97;40m┐[0m[10;40H
[10;41H[97;40m┌[0m[97;40m┐[0m[10;43H
[10;44H[97;40m┌[0m[97;40m─[0m[97;40m┐[0m[10;47H
[10;48H[97;40m┌[0m[97;40m─[0m[97;40m┐[0m[10;51H
[10;52H[97;40m┌[0m[97;40m─[0m[97;40m┐[0m[10;55H
[10;78H[97;40m  [0m[10;80H
[11;2H[97;40m              [0m[11;16H
[11;78H[97;40m  [0m[11;80H
[12;2H[97;40m              [0m[12;16H
[12;19H[97;40m┌[0m[97;40m┐[0m[12;21H
[12;22H[97;40m┌[0m[97;40m─[0m[97;40m┐[0m[12;25H
[12;26H[97;40m┌[0m[97;40m─[0m[97;40m┐[0m[12;29H
[12;30H[97;40m┌[0m[97;40m┐[0m[12;32H
[12;33H[97;40m┌[0m[97;40m─[0m[97;40m┐[0m[12;36H
[12;37H[97;40m┌[0m[97;40m─[0m[97;40m┐[0m[12;40H
[12;41H[97;40m┌[0m[97;40m┐[0m[12;43H
[12;44H[97;40m┌[0m[97;40m─[0m[97;40m┐[0m[12;47H
[12;48H[97;40m┌[0m[97;40m─[0m[97;40m┐[0m[12;51H
[12;52H[97;40m┌[0m[97;40m─[0m[97;40m┐[0m[12;55H
[12;78H[97;40m  [0m[12;80H
[13;2H[97;40m              [0m[13;16H
[13;78H[97;40m  [0m[13;80H
[14;2H[97;40m              [0m[14;16H
[14;78H[97;40m  [0m[14;80H
[15;2H[97;40m              [0m[15;16H
[15;19H[97;40m┌[0m[97;40m┐[0m[15;21H
[15;22H[97;40m┌[0m[97;40m─[0m[97;40m┐[0m[15;25H
[15;26H[97;40m┌[0m[97;40m─[0m[97;40m┐[0m[15;29H
[15;30H[97;40m┌[0m[97;40m┐[0m[15;32H
[15;33H[97;40m┌[0m[97;40m─[0m[97;40m┐[0m[15;36H
[15;37H[97;40m┌[0m[97;40m─[0m[97;40m┐[0m[15;40H
[15;41H[97;40m┌[0m[97;40m┐[0m[15;43H
[15;44H[97;40m┌[0m[97;40m─[0m[97;40m┐[0m[15;47H
[15;48H[97;40m┌[0m[97;40m─[0m[97;40m┐[0m[15;51H
[15;52H[97;40m┌[0m[97;40m─[0m[97;40m┐[0m[15;55H
[15;78H[97;40m  [0m[15;80H
[16;2H[97;40m              [0m[16;16H
[16;78H[97;40m  [0m[16;80H
[17;2H[97;40m              [0m[17;16H
[17;19H[97;40m┌[0m[97;40m┐[0m[17;21H
[17;22H[97;40m┌[0m[97;40m─[0m[97;40m┐[0m[17;25H
[17;26H[97;40m┌[0m[97;40m─[0m[97;40m┐[0m[17;29H
[17;30H[97;40m┌[0m[97;40m┐[0m[17;32H
[17;33H[97;40m┌[0m[97;40m─[0m[97;40m┐[0m[17;36H
[17;37H[97;40m┌[0m[97;40m─[0m[97;40m┐[0m[17;40H
[17;41H[97;40m┌[0m[97;40m┐[0m[17;43H
[17;44H[97;40m┌[0m[97;40m─[0m[97;40m┐[0m[17;47H
[17;48H[97;40m┌[0m[97;40m─[0m[97;40m┐[0m[17;51H
[17;52H[97;40m┌[0m[97;40m─[0m[97;40m┐[0m[17;55H
[17;78H[97;40m  [0m[17;80H
[18;2H[97;40m              [0m[18;16H
[18;78H[97;40m  [0m[18;80H
[19;2H[97;40m              [0m[19;16H
[19;19H[97;40m┌[0m[97;40m┐[0m[19;21H
[19;22H[97;40m┌[0m[97;40m─[0m[97;40m┐[0m[19;25H
[19;26H[97;40m┌[0m[97;40m─[0m[97;40m┐[0m[19;29H
[19;30H[97;40m┌[0m[97;40m┐[0m[19;32H
[19;33H[97;40m┌[0m[97;40m─[0m[97;40m┐[0m[19;36H
[19;37H[97;40m┌[0m[97;40m─[0m[97;40m┐[0m[19;40H
[19;41H[97;40m┌[0m[97;40m┐[0m[19;43H
[19;44H[97;40m┌[0m[97;40m─[0m[97;40m┐[0m[19;47H
[19;48H[97;40m┌[0m[97;40m─[0m[97;40m┐[0m[19;51H
[19;52H[97;40m┌[0m[97;40m─[0m[97;40m┐[0m[19;55H
[19;78H[97;40m  [0m[19;80H
[20;2H[97;40m              [0m[20;16H
[20;78H[97;40m  [0m[20;80H
[21;2H[97;40m              [0m[21;16H
[21;19H[97;40m┌[0m[97;40m┐[0m[21;21H
[21;22H[97;40m┌[0m[97;40m─[0m[97;40m┐[0m[21;25H
[21;26H[97;40m┌[0m[97;40m─[0m[97;40m┐[0m[21;29H
[21;30H[97;40m┌[0m[97;40m┐[0m[21;32H
[21;33H[97;40m┌[0m[97;40m─[0m[97;40m┐[0m[21;36H
[21;37H[97;40m┌[0m[97;40m─[0m[97;40m┐[0m[21;40H
[21;41H[97;40m┌[0m[97;40m┐[0m[21;43H
[21;44H[97;40m┌[0m[97;40m─[0m[97;40m┐[0m[21;47H
[21;48H[97;40m┌[0m[97;40m─[0m[97;40m┐[0m[21;51H
[21;52H[97;40m┌[0m[97;40m─[0m[97;40m┐[0m[21;55H
[21;78H[97;40m  [0m[21;80H
[22;2H[97;40m              [0m[22;16H
[22;58H[97;40m [0m[97;40m [0m[97;40m [0m[97;40m [0m[97;40m [0m[97;40m [0m[97;40m [0m[97;40m [0m[97;40m [0m[97;40m [0m[97;40m [0m[97;40m [0m[97;40m [0m[97;40m [0m[97;40m [0m[97;40m [0m[97;40m [0m[97;40m [0m[97;40m [0m[97;40m [0m[22;78H[40m  [0m[22;80H
[24;1H[100m                                                                                [0m[1;1H[1;1H[100m [0m[97;100m⭘[0m[97;100m     [0m[100m [0m[97;100m                         [0m[97;100mCyberRedApp[0m[97;100m                          [0m[100m [0m[37;100m04:13:59[0m[100m [0m
[2;1H[32;40m┌[0m[32;40m──────────────[0m[32;40m┐[0m[32;40m┌[0m[32;40m──────────────────────────────────────[0m[32;40m┐[0m[32;40m┌[0m[32;40m──────────────────────[0m[32;40m┐[0m
[3;1H[32;40m│[0m[101m   [0m[1;30;101mTARGETS[0m[101m    [0m[32;40m│[0m[32;40m│[0m[101m             [0m[1;30;101mHIVE STATUS[0m[101m              [0m[32;40m│[0m[32;40m│[0m[101m      [0m[1;30;101mKILL CHAIN[0m[101m      [0m[32;40m│[0m
[4;1H[32;40m│[0m[97;40m▶ [0m[1;97;46mScope[0m[97;40m       [0m[32;40m│[0m[32;40m│[0m[40m                                      [0m[32;40m│[0m[32;40m│[0m[97;40m                    [0m[97;40m  [0m[32;40m│[0m
[5;1H[32;40m│[0m[97;40m              [0m[32;40m│[0m[32;40m│[0m[40m [0m[40m                                    [0m[40m [0m[32;40m│[0m[32;40m│[0m[97;40m                    [0m[97;40m  [0m[32;40m│[0m
[6;1H[32;40m│[0m[97;40m              [0m[32;40m│[0m[32;40m│[0m[40m [0m[97;40m┌[0m[97;40m┐[0m[40m [0m[97;40m┌[0m[97;40m─[0m[97;40m┐[0m[40m [0m[97;40m┌[0m[97;40m─[0m[97;40m┐[0m[40m [0m[97;40m┌[0m[97;40m┐[0m[40m [0m[97;40m┌[0m[97;40m─[0m[97;40m┐[0m[40m [0m[97;40m┌[0m[97;40m─[0m[97;40m┐[0m[40m [0m[97;40m┌[0m[97;40m┐[0m[40m [0m[97;40m┌[0m[97;40m─[0m[97;40m┐[0m[40m [0m[97;40m┌[0m[97;40m─[0m[97;40m┐[0m[40m [0m[97;40m┌[0m[97;40m─[0m[97;40m┐[0m[40m [0m[32;40m│[0m[32;40m│[0m[97;40m                    [0m[97;40m  [0m[32;40m│[0m
[7;1H[32;40m│[0m[97;40m              [0m[32;40m│[0m[32;40m│[0m[40m [0m[40m                                    [0m[40m [0m[32;40m│[0m[32;40m│[0m[97;40m                    [0m[97;40m  [0m[32;40m│[0m
[8;1H[32;40m│[0m[97;40m              [0m[32;40m│[0m[32;40m│[0m[40m [0m[97;40m┌[0m[97;40m┐[0m[40m [0m[97;40m┌[0m[97;40m─[0m[97;40m┐[0m[40m [0m[97;40m┌[0m[97;40m─[0m[97;40m┐[0m[40m [0m[97;40m┌[0m[97;40m┐[0m[40m [0m[97;40m┌[0m[97;40m─[0m[97;40m┐[0m[40m [0m[97;40m┌[0m[97;40m─[0m[97;40m┐[0m[40m [0m[97;40m┌[0m[97;40m┐[0m[40m [0m[97;40m┌[0m[97;40m─[0m[97;40m┐[0m[40m [0m[97;40m┌[0m[97;40m─[0m[97;40m┐[0m[40m [0m[97;40m┌[0m[97;40m─[0m[97;40m┐[0m[40m [0m[32;40m│[0m[32;40m│[0m[97;40m                    [0m[97;40m  [0m[32;40m│[0m
[9;1H[32;40m│[0m[97;40m              [0m[32;40m│[0m[32;40m│[0m[40m [0m[40m                                    [0m[40m [0m[32;40m│[0m[32;40m│[0m[97;40m                    [0m[97;40m  [0m[32;40m│[0m
[10;1H[32;40m│[0m[97;40m              [0m[32;40m│[0m[32;40m│[0m[40m [0m[97;40m┌[0m[97;40m┐[0m[40m [0m[97;40m┌[0m[97;40m─[0m[97;40m┐[0m[40m [0m[97;40m┌[0m[97;40m─[0m[97;40m┐[0m[40m [0m[97;40m┌[0m[97;40m┐[0m[40m [0m[97;40m┌[0m[97;40m─[0m[97;40m┐[0m[40m [0m[97;40m┌[0m[97;40m─[0m[97;40m┐[0m[40m [0m[97;40m┌[0m[97;40m┐[0m[40m [0m[97;40m┌[0m[97;40m─[0m[97;40m┐[0m[40m [0m[97;40m┌[0m[97;40m─[0m[97;40m┐[0m[40m [0m[97;40m┌[0m[97;40m─[0m[97;40m┐[0m[40m [0m[32;40m│[0m[32;40m│[0m[97;40m                    [0m[97;40m  [0m[32;40m│[0m
[11;1H[32;40m│[0m[97;40m              [0m[32;40m│[0m[32;40m│[0m[40m [0m[40m                                    [0m[40m [0m[32;40m│[0m[32;40m│[0m[97;40m                    [0m[97;40m  [0m[32;40m│[0m
[12;1H[32;40m│[0m[97;40m              [0m[32;40m│[0m[32;40m│[0m[40m [0m[97;40m┌[0m[97;40m┐[0m[40m [0m[97;40m┌[0m[97;40m─[0m[97;40m┐[0m[40m [0m[97;40m┌[0m[97;40m─[0m[97;40m┐[0m[40m [0m[97;40m┌[0m[97;40m┐[0m[40m [0m[97;40m┌[0m[97;40m─[0m[97;40m┐[0m[40m [0m[97;40m┌[0m[97;40m─[0m[97;40m┐[0m[40m [0m[97;40m┌[0m[97;40m┐[0m[40m [0m[97;40m┌[0m[97;40m─[0m[97;40m┐[0m[40m [0m[97;40m┌[0m[97;40m─[0m[97;40m┐[0m[40m [0m[97;40m┌[0m[97;40m─[0m[97;40m┐[0m[40m [0m[32;40m│[0m[32;40m│[0m[97;40m                    [0m[97;40m  [0m[32;40m│[0m
[13;1H[32;40m│[0m[97;40m              [0m[32;40m│[0m[32;40m│[0m[40m [0m[40m                                    [0m[40m [0m[32;40m│[0m[32;40m│[0m[97;40m                    [0m[97;40m  [0m[32;40m│[0m
[14;1H[32;40m│[0m[97;40m              [0m[32;40m│[0m[32;40m│[0m[40m [0m[40m                                    [0m[40m [0m[32;40m│[0m[32;40m│[0m[97;40m                    [0m[97;40m  [0m[32;40m│[0m
[15;1H[32;40m│[0m[97;40m              [0m[32;40m│[0m[32;40m│[0m[40m [0m[97;40m┌[0m[97;40m┐[0m[40m [0m[97;40m┌[0m[97;40m─[0m[97;40m┐[0m[40m [0m[97;40m┌[0m[97;40m─[0m[97;40m┐[0m[40m [0m[97;40m┌[0m[97;40m┐[0m[40m [0m[97;40m┌[0m[97;40m─[0m[97;40m┐[0m[40m [0m[97;40m┌[0m[97;40m─[0m[97;40m┐[0m[40m [0m[97;40m┌[0m[97;40m┐[0m[40m [0m[97;40m┌[0m[97;40m─[0m[97;40m┐[0m[40m [0m[97;40m┌[0m[97;40m─[0m[97;40m┐[0m[40m [0m[97;40m┌[0m[97;40m─[0m[97;40m┐[0m[40m [0m[32;40m│[0m[32;40m│[0m[97;40m                    [0m[97;40m  [0m[32;40m│[0m
[16;1H[32;40m│[0m[97;40m              [0m[32;40m│[0m[32;40m│[0m[40m [0m[40m                                    [0m[40m [0m[32;40m│[0m[32;40m│[0m[97;40m                    [0m[97;40m  [0m[32;40m│[0m
[17;1H[32;40m│[0m[97;40m              [0m[32;40m│[0m[32;40m│[0m[40m [0m[97;40m┌[0m[97;40m┐[0m[40m [0m[97;40m┌[0m[97;40m─[0m[97;40m┐[0m[40m [0m[97;40m┌[0m[97;40m─[0m[97;40m┐[0m[40m [0m[97;40m┌[0m[97;40m┐[0m[40m [0m[97;40m┌[0m[97;40m─[0m[97;40m┐[0m[40m [0m[97;40m┌[0m[97;40m─[0m[97;40m┐[0m[40m [0m[97;40m┌[0m[97;40m┐[0m[40m [0m[97;40m┌[0m[97;40m─[0m[97;40m┐[0m[40m [0m[97;40m┌[0m[97;40m─[0m[97;40m┐[0m[40m [0m[97;40m┌[0m[97;40m─[0m[97;40m┐[0m[40m [0m[32;40m│[0m[32;40m│[0m[97;40m                    [0m[97;40m  [0m[32;40m│[0m
[18;1H[32;40m│[0m[97;40m              [0m[32;40m│[0m[32;40m│[0m[40m [0m[40m                                    [0m[40m [0m[32;40m│[0m[32;40m│[0m[97;40m                    [0m[97;40m  [0m[32;40m│[0m
[19;1H[32;40m│[0m[97;40m              [0m[32;40m│[0m[32;40m│[0m[40m [0m[97;40m┌[0m[97;40m┐[0m[40m [0m[97;40m┌[0m[97;40m─[0m[97;40m┐[0m[40m [0m[97;40m┌[0m[97;40m─[0m[97;40m┐[0m[40m [0m[97;40m┌[0m[97;40m┐[0m[40m [0m[97;40m┌[0m[97;40m─[0m[97;40m┐[0m[40m [0m[97;40m┌[0m[97;40m─[0m[97;40m┐[0m[40m [0m[97;40m┌[0m[97;40m┐[0m[40m [0m[97;40m┌[0m[97;40m─[0m[97;40m┐[0m[40m [0m[97;40m┌[0m[97;40m─[0m[97;40m┐[0m[40m [0m[97;40m┌[0m[97;40m─[0m[97;40m┐[0m[40m [0m[32;40m│[0m[32;40m│[0m[97;40m                    [0m[97;40m  [0m[32;40m│[0m
[20;1H[32;40m│[0m[97;40m              [0m[32;40m│[0m[32;40m│[0m[40m [0m[40m                                    [0m[40m [0m[32;40m│[0m[32;40m│[0m[97;40m                    [0m[97;40m  [0m[32;40m│[0m
[21;1H[32;40m│[0m[97;40m              [0m[32;40m│[0m[32;40m│[0m[40m [0m[97;40m┌[0m[97;40m┐[0m[40m [0m[97;40m┌[0m[97;40m─[0m[97;40m┐[0m[40m [0m[97;40m┌[0m[97;40m─[0m[97;40m┐[0m[40m [0m[97;40m┌[0m[97;40m┐[0m[40m [0m[97;40m┌[0m[97;40m─[0m[97;40m┐[0m[40m [0m[97;40m┌[0m[97;40m─[0m[97;40m┐[0m[40m [0m[97;40m┌[0m[97;40m┐[0m[40m [0m[97;40m┌[0m[97;40m─[0m[97;40m┐[0m[40m [0m[97;40m┌[0m[97;40m─[0m[97;40m┐[0m[40m [0m[97;40m┌[0m[97;40m─[0m[97;40m┐[0m[40m [0m[32;40m│[0m[32;40m│[0m[97;40m                    [0m[97;40m  [0m[32;40m│[0m
[22;1H[32;40m│[0m[97;40m              [0m[32;40m│[0m[32;40m│[0m[40m                                      [0m[32;40m│[0m[32;40m│[0m[97;40m [0m[97;40m [0m[97;40m [0m[97;40m [0m[97;40m [0m[97;40m [0m[97;40m [0m[97;40m [0m[97;40m [0m[97;40m [0m[97;40m [0m[97;40m [0m[97;40m [0m[97;40m [0m[97;40m [0m[97;40m [0m[97;40m [0m[97;40m [0m[97;40m [0m[97;40m [0m[40m  [0m[32;40m│[0m
[23;1H[32;40m└[0m[32;40m──────────────[0m[32;40m┘[0m[32;40m└[0m[32;40m──────────────────────────────────────[0m[32;40m┘[0m[32;40m└[0m[32;40m──────────────────────[0m[32;40m┘[0m
[24;1H[100m                                                                                [0m[1;1H[4;78H[97;40m  [0m[4;80H
[5;78H[97;40m  [0m[5;80H
[6;78H[97;40m  [0m[6;80H
[7;78H[97;40m  [0m[7;80H
[8;78H[97;40m  [0m[8;80H
[9;78H[97;40m  [0m[9;80H
[10;78H[97;40m  [0m[10;80H
[11;78H[97;40m  [0m[11;80H
[12;78H[97;40m  [0m[12;80H
[13;78H[97;40m  [0m[13;80H
[14;78H[97;40m  [0m[14;80H
[15;78H[97;40m  [0m[15;80H
[16;78H[97;40m  [0m[16;80H
[17;78H[97;40m  [0m[17;80H
[18;78H[97;40m  [0m[18;80H
[19;78H[97;40m  [0m[19;80H
[20;78H[97;40m  [0m[20;80H
[21;78H[97;40m  [0m[21;80H
[22;58H[97;40m [0m[97;40m [0m[97;40m [0m[97;40m [0m[97;40m [0m[97;40m [0m[97;40m [0m[97;40m [0m[97;40m [0m[97;40m [0m[97;40m [0m[97;40m [0m[97;40m [0m[97;40m [0m[97;40m [0m[97;40m [0m[97;40m [0m[97;40m [0m[97;40m [0m[97;40m [0m[22;78H
[24;1H[1;91;100m q [0m[97;100mQuit [0m[24;9H[1;91;100m d [0m[97;100mToggle Dark Mode [0m[24;29H[1;91;100m f5 [0m[97;100mApprovals [0m[24;43H[1;91;100m p [0m[97;100mPANIC [0m[24;52H[100m                 [0m[24;69H[90;100m▏[0m[1;91;100m^p[0m[97;100m palette[0m[100m [0m[1;1H[4;78H[97;40m  [0m[4;80H
[5;78H[97;40m  [0m[5;80H
[6;78H[97;40m  [0m[6;80H
[7;78H[97;40m  [0m[7;80H
[8;78H[97;40m  [0m[8;80H
[9;78H[97;40m  [0m[9;80H
[10;78H[97;40m  [0m[10;80H
[11;78H[97;40m  [0m[11;80H
[12;78H[97;40m  [0m[12;80H
[13;78H[97;40m  [0m[13;80H
[14;78H[97;40m  [0m[14;80H
[15;78H[97;40m  [0m[15;80H
[16;78H[97;40m  [0m[16;80H
[17;78H[97;40m  [0m[17;80H
[18;78H[97;40m  [0m[18;80H
[19;78H[97;40m  [0m[19;80H
[20;78H[97;40m  [0m[20;80H
[21;78H[97;40m  [0m[21;80H
[22;58H[97;40m [0m[97;40m [0m[97;40m [0m[97;40m [0m[97;40m [0m[97;40m [0m[97;40m [0m[97;40m [0m[97;40m [0m[97;40m [0m[97;40m [0m[97;40m [0m[97;40m [0m[97;40m [0m[97;40m [0m[97;40m [0m[97;40m [0m[97;40m [0m[97;40m [0m[97;40m [0m[22;78H
[24;1H[1;91;100m q [0m[97;100mQuit [0m[24;9H[1;91;100m d [0m[97;100mToggle Dark Mode [0m[24;29H[1;91;100m f5 [0m[97;100mApprovals [0m[24;43H[1;91;100m p [0m[97;100mPANIC [0m[24;52H[100m                 [0m[24;69H[90;100m▏[0m[1;91;100m^p[0m[97;100m palette[0m[100m [0m[1;1H[4;78H[97;40m  [0m[4;80H
[5;78H[97;40m  [0m[5;80H
[6;78H[97;40m  [0m[6;80H
[7;78H[97;40m  [0m[7;80H
[8;78H[97;40m  [0m[8;80H
[9;78H[97;40m  [0m[9;80H
[10;78H[97;40m  [0m[10;80H
[11;78H[97;40m  [0m[11;80H
[12;78H[97;40m  [0m[12;80H
[13;78H[97;40m  [0m[13;80H
[14;78H[97;40m  [0m[14;80H
[15;78H[97;40m  [0m[15;80H
[16;78H[97;40m  [0m[16;80H
[17;78H[97;40m  [0m[17;80H
[18;78H[97;40m  [0m[18;80H
[19;78H[97;40m  [0m[19;80H
[20;78H[97;40m  [0m[20;80H
[21;78H[97;40m  [0m[21;80H
[22;58H[97;40m [0m[97;40m [0m[97;40m [0m[97;40m [0m[97;40m [0m[97;40m [0m[97;40m [0m[97;40m [0m[97;40m [0m[97;40m [0m[97;40m [0m[97;40m [0m[97;40m [0m[97;40m [0m[97;40m [0m[97;40m [0m[97;40m [0m[97;40m [0m[97;40m [0m[97;40m [0m[22;78H
[24;1H[1;91;100m q [0m[97;100mQuit [0m[24;9H[1;91;100m d [0m[97;100mToggle Dark Mode [0m[24;29H[1;91;100m f5 [0m[97;100mApprovals [0m[24;43H[1;91;100m p [0m[97;100mPANIC [0m[24;52H[24;69H[90;100m▏[0m[1;91;100m^p[0m[97;100m palette[0m[100m [0m[1;1H[4;78H[97;40m  [0m[4;80H
[5;78H[97;40m  [0m[5;80H
[6;78H[97;40m  [0m[6;80H
[7;78H[97;40m  [0m[7;80H
[8;78H[97;40m  [0m[8;80H
[9;78H[97;40m  [0m[9;80H
[10;78H[97;40m  [0m[10;80H
[11;78H[97;40m  [0m[11;80H
[12;78H[97;40m  [0m[12;80H
[13;78H[97;40m  [0m[13;80H
[14;78H[97;40m  [0m[14;80H
[15;78H[97;40m  [0m[15;80H
[16;78H[97;40m  [0m[16;80H
[17;78H[97;40m  [0m[17;80H
[18;78H[97;40m  [0m[18;80H
[19;78H[97;40m  [0m[19;80H
[20;78H[97;40m  [0m[20;80H
[21;78H[97;40m  [0m[21;80H
[22;58H[97;40m [0m[97;40m [0m[97;40m [0m[97;40m [0m[97;40m [0m[97;40m [0m[97;40m [0m[97;40m [0m[97;40m [0m[97;40m [0m[97;40m [0m[97;40m [0m[97;40m [0m[97;40m [0m[97;40m [0m[97;40m [0m[97;40m [0m[97;40m [0m[97;40m [0m[97;40m [0m[22;78H[1;1H[1;71H[100m [0m[37;100m04:14:00[0m[100m [0m[1;1H[1;71H[100m [0m[37;100m04:14:01[0m[100m [0m[1;1H[1;71H[100m [0m[37;100m04:14:02[0m[100m [0m[1;1H[1;71H[100m [0m[37;100m04:14:03[0m[100m [0m[1;1H